[2026-03-03T10:09:40.335Z] info: kubernetes.yaml was copied to the config folder
[2026-03-03T10:10:44.655Z] error: Host validation failed for: localhost:4000. Hint: Set the HOMEPAGE_ALLOWED_HOSTS environment variable to allow requests from this host / port.
[2026-03-03T10:10:44.920Z] error: Host validation failed for: localhost:4000. Hint: Set the HOMEPAGE_ALLOWED_HOSTS environment variable to allow requests from this host / port.
[2026-03-03T10:10:44.929Z] error: Host validation failed for: localhost:4000. Hint: Set the HOMEPAGE_ALLOWED_HOSTS environment variable to allow requests from this host / port.
[2026-03-03T10:10:44.933Z] error: Host validation failed for: localhost:4000. Hint: Set the HOMEPAGE_ALLOWED_HOSTS environment variable to allow requests from this host / port.
[2026-03-03T10:10:44.939Z] error: Host validation failed for: localhost:4000. Hint: Set the HOMEPAGE_ALLOWED_HOSTS environment variable to allow requests from this host / port.
[2026-03-03T10:10:44.945Z] error: Host validation failed for: localhost:4000. Hint: Set the HOMEPAGE_ALLOWED_HOSTS environment variable to allow requests from this host / port.
[2026-03-03T10:10:44.955Z] error: Host validation failed for: localhost:4000. Hint: Set the HOMEPAGE_ALLOWED_HOSTS environment variable to allow requests from this host / port.
[2026-03-03T10:10:44.960Z] error: Host validation failed for: localhost:4000. Hint: Set the HOMEPAGE_ALLOWED_HOSTS environment variable to allow requests from this host / port.
[2026-03-03T10:10:44.963Z] error: Host validation failed for: localhost:4000. Hint: Set the HOMEPAGE_ALLOWED_HOSTS environment variable to allow requests from this host / port.
[2026-03-03T10:10:44.967Z] error: Host validation failed for: localhost:4000. Hint: Set the HOMEPAGE_ALLOWED_HOSTS environment variable to allow requests from this host / port.
[2026-03-03T10:10:44.969Z] error: Host validation failed for: localhost:4000. Hint: Set the HOMEPAGE_ALLOWED_HOSTS environment variable to allow requests from this host / port.
[2026-03-03T10:10:44.991Z] error: Host validation failed for: localhost:4000. Hint: Set the HOMEPAGE_ALLOWED_HOSTS environment variable to allow requests from this host / port.
[2026-03-03T10:10:46.944Z] error: Host validation failed for: localhost:4000. Hint: Set the HOMEPAGE_ALLOWED_HOSTS environment variable to allow requests from this host / port.
[2026-03-03T10:10:46.994Z] error: Host validation failed for: localhost:4000. Hint: Set the HOMEPAGE_ALLOWED_HOSTS environment variable to allow requests from this host / port.
[2026-03-03T10:10:46.997Z] error: Host validation failed for: localhost:4000. Hint: Set the HOMEPAGE_ALLOWED_HOSTS environment variable to allow requests from this host / port.
[2026-03-03T10:10:47.001Z] error: Host validation failed for: localhost:4000. Hint: Set the HOMEPAGE_ALLOWED_HOSTS environment variable to allow requests from this host / port.
[2026-03-03T10:10:47.005Z] error: Host validation failed for: localhost:4000. Hint: Set the HOMEPAGE_ALLOWED_HOSTS environment variable to allow requests from this host / port.
[2026-03-03T10:10:47.009Z] error: Host validation failed for: localhost:4000. Hint: Set the HOMEPAGE_ALLOWED_HOSTS environment variable to allow requests from this host / port.
[2026-03-03T10:10:47.011Z] error: Host validation failed for: localhost:4000. Hint: Set the HOMEPAGE_ALLOWED_HOSTS environment variable to allow requests from this host / port.
[2026-03-03T10:10:47.014Z] error: Host validation failed for: localhost:4000. Hint: Set the HOMEPAGE_ALLOWED_HOSTS environment variable to allow requests from this host / port.
[2026-03-03T10:10:47.016Z] error: Host validation failed for: localhost:4000. Hint: Set the HOMEPAGE_ALLOWED_HOSTS environment variable to allow requests from this host / port.
[2026-03-03T10:10:47.019Z] error: Host validation failed for: localhost:4000. Hint: Set the HOMEPAGE_ALLOWED_HOSTS environment variable to allow requests from this host / port.
[2026-03-03T10:10:47.023Z] error: Host validation failed for: localhost:4000. Hint: Set the HOMEPAGE_ALLOWED_HOSTS environment variable to allow requests from this host / port.
[2026-03-03T10:10:47.026Z] error: Host validation failed for: localhost:4000. Hint: Set the HOMEPAGE_ALLOWED_HOSTS environment variable to allow requests from this host / port.
[2026-03-03T10:10:47.060Z] error: Host validation failed for: localhost:4000. Hint: Set the HOMEPAGE_ALLOWED_HOSTS environment variable to allow requests from this host / port.
[2026-03-03T10:10:55.490Z] error: Host validation failed for: localhost:4000. Hint: Set the HOMEPAGE_ALLOWED_HOSTS environment variable to allow requests from this host / port.
[2026-03-03T10:10:55.497Z] error: Host validation failed for: localhost:4000. Hint: Set the HOMEPAGE_ALLOWED_HOSTS environment variable to allow requests from this host / port.
[2026-03-03T10:10:56.864Z] error: Host validation failed for: localhost:4000. Hint: Set the HOMEPAGE_ALLOWED_HOSTS environment variable to allow requests from this host / port.
[2026-03-03T10:10:56.953Z] error: Host validation failed for: localhost:4000. Hint: Set the HOMEPAGE_ALLOWED_HOSTS environment variable to allow requests from this host / port.
[2026-03-03T10:10:56.955Z] error: Host validation failed for: localhost:4000. Hint: Set the HOMEPAGE_ALLOWED_HOSTS environment variable to allow requests from this host / port.
[2026-03-03T10:10:56.958Z] error: Host validation failed for: localhost:4000. Hint: Set the HOMEPAGE_ALLOWED_HOSTS environment variable to allow requests from this host / port.
[2026-03-03T10:10:56.973Z] error: Host validation failed for: localhost:4000. Hint: Set the HOMEPAGE_ALLOWED_HOSTS environment variable to allow requests from this host / port.
[2026-03-03T10:10:56.975Z] error: Host validation failed for: localhost:4000. Hint: Set the HOMEPAGE_ALLOWED_HOSTS environment variable to allow requests from this host / port.
[2026-03-03T10:10:56.977Z] error: Host validation failed for: localhost:4000. Hint: Set the HOMEPAGE_ALLOWED_HOSTS environment variable to allow requests from this host / port.
[2026-03-03T10:10:56.980Z] error: Host validation failed for: localhost:4000. Hint: Set the HOMEPAGE_ALLOWED_HOSTS environment variable to allow requests from this host / port.
[2026-03-03T10:10:56.982Z] error: Host validation failed for: localhost:4000. Hint: Set the HOMEPAGE_ALLOWED_HOSTS environment variable to allow requests from this host / port.
[2026-03-03T10:10:56.984Z] error: Host validation failed for: localhost:4000. Hint: Set the HOMEPAGE_ALLOWED_HOSTS environment variable to allow requests from this host / port.
[2026-03-03T10:10:56.992Z] error: Host validation failed for: localhost:4000. Hint: Set the HOMEPAGE_ALLOWED_HOSTS environment variable to allow requests from this host / port.
[2026-03-03T10:10:56.994Z] error: Host validation failed for: localhost:4000. Hint: Set the HOMEPAGE_ALLOWED_HOSTS environment variable to allow requests from this host / port.
[2026-03-03T10:10:57.010Z] error: Host validation failed for: localhost:4000. Hint: Set the HOMEPAGE_ALLOWED_HOSTS environment variable to allow requests from this host / port.
[2026-03-03T10:11:09.052Z] error: Host validation failed for: localhost:4000. Hint: Set the HOMEPAGE_ALLOWED_HOSTS environment variable to allow requests from this host / port.
[2026-03-03T10:11:09.056Z] error: Host validation failed for: localhost:4000. Hint: Set the HOMEPAGE_ALLOWED_HOSTS environment variable to allow requests from this host / port.
[2026-03-03T10:11:10.699Z] error: Host validation failed for: localhost:4000. Hint: Set the HOMEPAGE_ALLOWED_HOSTS environment variable to allow requests from this host / port.
[2026-03-03T10:11:26.600Z] error: Host validation failed for: localhost:4000. Hint: Set the HOMEPAGE_ALLOWED_HOSTS environment variable to allow requests from this host / port.
[2026-03-03T10:11:26.603Z] error: Host validation failed for: localhost:4000. Hint: Set the HOMEPAGE_ALLOWED_HOSTS environment variable to allow requests from this host / port.
[2026-03-03T10:12:58.147Z] info: docker.yaml was copied to the config folder
[2026-03-03T10:12:58.150Z] info: custom.css was copied to the config folder
[2026-03-03T10:12:58.151Z] info: custom.js was copied to the config folder
[2026-03-03T10:12:58.163Z] info: proxmox.yaml was copied to the config folder
[2026-03-03T10:12:58.337Z] error: undefined
[2026-03-03T10:12:58.342Z] error: undefined
[2026-03-03T10:12:58.346Z] error: TypeError: Invalid URL
    at new URL (node:internal/url:827:25)
    at l (/app/.next/server/pages/index.js:1:14605)
    at Wc (/app/node_modules/.pnpm/react-dom@18.3.1_react@18.3.1/node_modules/react-dom/cjs/react-dom-server.browser.production.min.js:68:44)
    at Zc (/app/node_modules/.pnpm/react-dom@18.3.1_react@18.3.1/node_modules/react-dom/cjs/react-dom-server.browser.production.min.js:70:253)
    at Z (/app/node_modules/.pnpm/react-dom@18.3.1_react@18.3.1/node_modules/react-dom/cjs/react-dom-server.browser.production.min.js:76:89)
    at $c (/app/node_modules/.pnpm/react-dom@18.3.1_react@18.3.1/node_modules/react-dom/cjs/react-dom-server.browser.production.min.js:78:98)
    at bd (/app/node_modules/.pnpm/react-dom@18.3.1_react@18.3.1/node_modules/react-dom/cjs/react-dom-server.browser.production.min.js:77:404)
    at Z (/app/node_modules/.pnpm/react-dom@18.3.1_react@18.3.1/node_modules/react-dom/cjs/react-dom-server.browser.production.min.js:76:217)
    at $c (/app/node_modules/.pnpm/react-dom@18.3.1_react@18.3.1/node_modules/react-dom/cjs/react-dom-server.browser.production.min.js:78:98)
    at Zc (/app/node_modules/.pnpm/react-dom@18.3.1_react@18.3.1/node_modules/react-dom/cjs/react-dom-server.browser.production.min.js:71:145)
[2026-03-03T10:12:58.355Z] error: TypeError: Invalid URL
    at new URL (node:internal/url:827:25)
    at l (/app/.next/server/pages/index.js:1:14605)
    at Wc (/app/node_modules/.pnpm/react-dom@18.3.1_react@18.3.1/node_modules/react-dom/cjs/react-dom-server.browser.production.min.js:68:44)
    at Zc (/app/node_modules/.pnpm/react-dom@18.3.1_react@18.3.1/node_modules/react-dom/cjs/react-dom-server.browser.production.min.js:70:253)
    at Z (/app/node_modules/.pnpm/react-dom@18.3.1_react@18.3.1/node_modules/react-dom/cjs/react-dom-server.browser.production.min.js:76:89)
    at $c (/app/node_modules/.pnpm/react-dom@18.3.1_react@18.3.1/node_modules/react-dom/cjs/react-dom-server.browser.production.min.js:78:98)
    at bd (/app/node_modules/.pnpm/react-dom@18.3.1_react@18.3.1/node_modules/react-dom/cjs/react-dom-server.browser.production.min.js:77:404)
    at Z (/app/node_modules/.pnpm/react-dom@18.3.1_react@18.3.1/node_modules/react-dom/cjs/react-dom-server.browser.production.min.js:76:217)
    at $c (/app/node_modules/.pnpm/react-dom@18.3.1_react@18.3.1/node_modules/react-dom/cjs/react-dom-server.browser.production.min.js:78:98)
    at Zc (/app/node_modules/.pnpm/react-dom@18.3.1_react@18.3.1/node_modules/react-dom/cjs/react-dom-server.browser.production.min.js:71:145)
[2026-03-03T10:13:25.156Z] error: undefined
[2026-03-03T10:13:25.157Z] error: TypeError: Invalid URL
    at new URL (node:internal/url:827:25)
    at l (/app/.next/server/pages/index.js:1:14605)
    at Wc (/app/node_modules/.pnpm/react-dom@18.3.1_react@18.3.1/node_modules/react-dom/cjs/react-dom-server.browser.production.min.js:68:44)
    at Zc (/app/node_modules/.pnpm/react-dom@18.3.1_react@18.3.1/node_modules/react-dom/cjs/react-dom-server.browser.production.min.js:70:253)
    at Z (/app/node_modules/.pnpm/react-dom@18.3.1_react@18.3.1/node_modules/react-dom/cjs/react-dom-server.browser.production.min.js:76:89)
    at $c (/app/node_modules/.pnpm/react-dom@18.3.1_react@18.3.1/node_modules/react-dom/cjs/react-dom-server.browser.production.min.js:78:98)
    at bd (/app/node_modules/.pnpm/react-dom@18.3.1_react@18.3.1/node_modules/react-dom/cjs/react-dom-server.browser.production.min.js:77:404)
    at Z (/app/node_modules/.pnpm/react-dom@18.3.1_react@18.3.1/node_modules/react-dom/cjs/react-dom-server.browser.production.min.js:76:217)
    at $c (/app/node_modules/.pnpm/react-dom@18.3.1_react@18.3.1/node_modules/react-dom/cjs/react-dom-server.browser.production.min.js:78:98)
    at Zc (/app/node_modules/.pnpm/react-dom@18.3.1_react@18.3.1/node_modules/react-dom/cjs/react-dom-server.browser.production.min.js:71:145)
[2026-03-03T10:13:25.160Z] error: undefined
[2026-03-03T10:13:25.500Z] error: <httpProxy> Error calling http://localhost:4000/...
[2026-03-03T10:13:25.501Z] error: <httpProxy> [ 500, [AggregateError: ] { code: 'ECONNREFUSED' } ]
[2026-03-03T10:13:25.505Z] error: <httpProxy> Error calling http://localhost:4000/...
[2026-03-03T10:13:25.506Z] error: <httpProxy> [ 500, [AggregateError: ] { code: 'ECONNREFUSED' } ]
[2026-03-03T10:13:26.768Z] error: <httpProxy> Error calling http://localhost:4000/...
[2026-03-03T10:13:26.768Z] error: <httpProxy> [ 500, [AggregateError: ] { code: 'ECONNREFUSED' } ]
[2026-03-03T10:13:26.770Z] error: <httpProxy> Error calling http://localhost:4000/...
[2026-03-03T10:13:26.770Z] error: <httpProxy> [ 500, [AggregateError: ] { code: 'ECONNREFUSED' } ]
[2026-03-03T10:13:56.767Z] error: <httpProxy> Error calling http://localhost:4000/...
[2026-03-03T10:13:56.768Z] error: <httpProxy> [ 500, [AggregateError: ] { code: 'ECONNREFUSED' } ]
[2026-03-03T10:13:56.770Z] error: <httpProxy> Error calling http://localhost:4000/...
[2026-03-03T10:13:56.770Z] error: <httpProxy> [ 500, [AggregateError: ] { code: 'ECONNREFUSED' } ]
[2026-03-03T10:13:56.777Z] error: undefined
[2026-03-03T10:13:56.778Z] error: TypeError: Invalid URL
    at new URL (node:internal/url:827:25)
    at l (/app/.next/server/pages/index.js:1:14605)
    at Wc (/app/node_modules/.pnpm/react-dom@18.3.1_react@18.3.1/node_modules/react-dom/cjs/react-dom-server.browser.production.min.js:68:44)
    at Zc (/app/node_modules/.pnpm/react-dom@18.3.1_react@18.3.1/node_modules/react-dom/cjs/react-dom-server.browser.production.min.js:70:253)
    at Z (/app/node_modules/.pnpm/react-dom@18.3.1_react@18.3.1/node_modules/react-dom/cjs/react-dom-server.browser.production.min.js:76:89)
    at $c (/app/node_modules/.pnpm/react-dom@18.3.1_react@18.3.1/node_modules/react-dom/cjs/react-dom-server.browser.production.min.js:78:98)
    at bd (/app/node_modules/.pnpm/react-dom@18.3.1_react@18.3.1/node_modules/react-dom/cjs/react-dom-server.browser.production.min.js:77:404)
    at Z (/app/node_modules/.pnpm/react-dom@18.3.1_react@18.3.1/node_modules/react-dom/cjs/react-dom-server.browser.production.min.js:76:217)
    at $c (/app/node_modules/.pnpm/react-dom@18.3.1_react@18.3.1/node_modules/react-dom/cjs/react-dom-server.browser.production.min.js:78:98)
    at Zc (/app/node_modules/.pnpm/react-dom@18.3.1_react@18.3.1/node_modules/react-dom/cjs/react-dom-server.browser.production.min.js:71:145)
[2026-03-03T10:13:56.780Z] error: undefined
[2026-03-03T10:14:26.782Z] error: <httpProxy> Error calling http://localhost:4000/...
[2026-03-03T10:14:26.782Z] error: <httpProxy> [ 500, [AggregateError: ] { code: 'ECONNREFUSED' } ]
[2026-03-03T10:14:26.783Z] error: <httpProxy> Error calling http://localhost:4000/...
[2026-03-03T10:14:26.784Z] error: <httpProxy> [ 500, [AggregateError: ] { code: 'ECONNREFUSED' } ]
[2026-03-03T10:14:26.791Z] error: undefined
[2026-03-03T10:14:26.792Z] error: TypeError: Invalid URL
    at new URL (node:internal/url:827:25)
    at l (/app/.next/server/pages/index.js:1:14605)
    at Wc (/app/node_modules/.pnpm/react-dom@18.3.1_react@18.3.1/node_modules/react-dom/cjs/react-dom-server.browser.production.min.js:68:44)
    at Zc (/app/node_modules/.pnpm/react-dom@18.3.1_react@18.3.1/node_modules/react-dom/cjs/react-dom-server.browser.production.min.js:70:253)
    at Z (/app/node_modules/.pnpm/react-dom@18.3.1_react@18.3.1/node_modules/react-dom/cjs/react-dom-server.browser.production.min.js:76:89)
    at $c (/app/node_modules/.pnpm/react-dom@18.3.1_react@18.3.1/node_modules/react-dom/cjs/react-dom-server.browser.production.min.js:78:98)
    at bd (/app/node_modules/.pnpm/react-dom@18.3.1_react@18.3.1/node_modules/react-dom/cjs/react-dom-server.browser.production.min.js:77:404)
    at Z (/app/node_modules/.pnpm/react-dom@18.3.1_react@18.3.1/node_modules/react-dom/cjs/react-dom-server.browser.production.min.js:76:217)
    at $c (/app/node_modules/.pnpm/react-dom@18.3.1_react@18.3.1/node_modules/react-dom/cjs/react-dom-server.browser.production.min.js:78:98)
    at Zc (/app/node_modules/.pnpm/react-dom@18.3.1_react@18.3.1/node_modules/react-dom/cjs/react-dom-server.browser.production.min.js:71:145)
[2026-03-03T10:14:26.794Z] error: undefined
[2026-03-03T10:14:56.796Z] error: <httpProxy> Error calling http://localhost:4000/...
[2026-03-03T10:14:56.796Z] error: <httpProxy> [ 500, [AggregateError: ] { code: 'ECONNREFUSED' } ]
[2026-03-03T10:14:56.798Z] error: <httpProxy> Error calling http://localhost:4000/...
[2026-03-03T10:14:56.798Z] error: <httpProxy> [ 500, [AggregateError: ] { code: 'ECONNREFUSED' } ]
[2026-03-03T10:14:56.810Z] error: undefined
[2026-03-03T10:14:56.812Z] error: TypeError: Invalid URL
    at new URL (node:internal/url:827:25)
    at l (/app/.next/server/pages/index.js:1:14605)
    at Wc (/app/node_modules/.pnpm/react-dom@18.3.1_react@18.3.1/node_modules/react-dom/cjs/react-dom-server.browser.production.min.js:68:44)
    at Zc (/app/node_modules/.pnpm/react-dom@18.3.1_react@18.3.1/node_modules/react-dom/cjs/react-dom-server.browser.production.min.js:70:253)
    at Z (/app/node_modules/.pnpm/react-dom@18.3.1_react@18.3.1/node_modules/react-dom/cjs/react-dom-server.browser.production.min.js:76:89)
    at $c (/app/node_modules/.pnpm/react-dom@18.3.1_react@18.3.1/node_modules/react-dom/cjs/react-dom-server.browser.production.min.js:78:98)
    at bd (/app/node_modules/.pnpm/react-dom@18.3.1_react@18.3.1/node_modules/react-dom/cjs/react-dom-server.browser.production.min.js:77:404)
    at Z (/app/node_modules/.pnpm/react-dom@18.3.1_react@18.3.1/node_modules/react-dom/cjs/react-dom-server.browser.production.min.js:76:217)
    at $c (/app/node_modules/.pnpm/react-dom@18.3.1_react@18.3.1/node_modules/react-dom/cjs/react-dom-server.browser.production.min.js:78:98)
    at Zc (/app/node_modules/.pnpm/react-dom@18.3.1_react@18.3.1/node_modules/react-dom/cjs/react-dom-server.browser.production.min.js:71:145)
[2026-03-03T10:14:56.814Z] error: undefined
[2026-03-03T10:15:00.615Z] error: <httpProxy> Error calling http://localhost:4000/...
[2026-03-03T10:15:00.615Z] error: <httpProxy> [ 500, [AggregateError: ] { code: 'ECONNREFUSED' } ]
[2026-03-03T10:15:00.617Z] error: <httpProxy> Error calling http://localhost:4000/...
[2026-03-03T10:15:00.618Z] error: <httpProxy> [ 500, [AggregateError: ] { code: 'ECONNREFUSED' } ]
[2026-03-03T10:15:00.634Z] error: undefined
[2026-03-03T10:15:00.638Z] error: TypeError: Invalid URL
    at new URL (node:internal/url:827:25)
    at l (/app/.next/server/pages/index.js:1:14605)
    at Wc (/app/node_modules/.pnpm/react-dom@18.3.1_react@18.3.1/node_modules/react-dom/cjs/react-dom-server.browser.production.min.js:68:44)
    at Zc (/app/node_modules/.pnpm/react-dom@18.3.1_react@18.3.1/node_modules/react-dom/cjs/react-dom-server.browser.production.min.js:70:253)
    at Z (/app/node_modules/.pnpm/react-dom@18.3.1_react@18.3.1/node_modules/react-dom/cjs/react-dom-server.browser.production.min.js:76:89)
    at $c (/app/node_modules/.pnpm/react-dom@18.3.1_react@18.3.1/node_modules/react-dom/cjs/react-dom-server.browser.production.min.js:78:98)
    at bd (/app/node_modules/.pnpm/react-dom@18.3.1_react@18.3.1/node_modules/react-dom/cjs/react-dom-server.browser.production.min.js:77:404)
    at Z (/app/node_modules/.pnpm/react-dom@18.3.1_react@18.3.1/node_modules/react-dom/cjs/react-dom-server.browser.production.min.js:76:217)
    at $c (/app/node_modules/.pnpm/react-dom@18.3.1_react@18.3.1/node_modules/react-dom/cjs/react-dom-server.browser.production.min.js:78:98)
    at Zc (/app/node_modules/.pnpm/react-dom@18.3.1_react@18.3.1/node_modules/react-dom/cjs/react-dom-server.browser.production.min.js:71:145)
[2026-03-03T10:15:00.641Z] error: undefined
[2026-03-03T10:15:26.810Z] error: <httpProxy> Error calling http://localhost:4000/...
[2026-03-03T10:15:26.810Z] error: <httpProxy> [ 500, [AggregateError: ] { code: 'ECONNREFUSED' } ]
[2026-03-03T10:15:26.811Z] error: <httpProxy> Error calling http://localhost:4000/...
[2026-03-03T10:15:26.811Z] error: <httpProxy> [ 500, [AggregateError: ] { code: 'ECONNREFUSED' } ]
[2026-03-03T10:15:26.818Z] error: undefined
[2026-03-03T10:15:26.819Z] error: TypeError: Invalid URL
    at new URL (node:internal/url:827:25)
    at l (/app/.next/server/pages/index.js:1:14605)
    at Wc (/app/node_modules/.pnpm/react-dom@18.3.1_react@18.3.1/node_modules/react-dom/cjs/react-dom-server.browser.production.min.js:68:44)
    at Zc (/app/node_modules/.pnpm/react-dom@18.3.1_react@18.3.1/node_modules/react-dom/cjs/react-dom-server.browser.production.min.js:70:253)
    at Z (/app/node_modules/.pnpm/react-dom@18.3.1_react@18.3.1/node_modules/react-dom/cjs/react-dom-server.browser.production.min.js:76:89)
    at $c (/app/node_modules/.pnpm/react-dom@18.3.1_react@18.3.1/node_modules/react-dom/cjs/react-dom-server.browser.production.min.js:78:98)
    at bd (/app/node_modules/.pnpm/react-dom@18.3.1_react@18.3.1/node_modules/react-dom/cjs/react-dom-server.browser.production.min.js:77:404)
    at Z (/app/node_modules/.pnpm/react-dom@18.3.1_react@18.3.1/node_modules/react-dom/cjs/react-dom-server.browser.production.min.js:76:217)
    at $c (/app/node_modules/.pnpm/react-dom@18.3.1_react@18.3.1/node_modules/react-dom/cjs/react-dom-server.browser.production.min.js:78:98)
    at Zc (/app/node_modules/.pnpm/react-dom@18.3.1_react@18.3.1/node_modules/react-dom/cjs/react-dom-server.browser.production.min.js:71:145)
[2026-03-03T10:15:26.822Z] error: undefined
[2026-03-03T10:15:37.606Z] error: <httpProxy> Error calling http://localhost:4000/...
[2026-03-03T10:15:37.607Z] error: <httpProxy> [ 500, [AggregateError: ] { code: 'ECONNREFUSED' } ]
[2026-03-03T10:15:37.609Z] error: <httpProxy> Error calling http://localhost:4000/...
[2026-03-03T10:15:37.609Z] error: <httpProxy> [ 500, [AggregateError: ] { code: 'ECONNREFUSED' } ]
[2026-03-03T10:15:37.618Z] error: undefined
[2026-03-03T10:15:37.619Z] error: TypeError: Invalid URL
    at new URL (node:internal/url:827:25)
    at l (/app/.next/server/pages/index.js:1:14605)
    at Wc (/app/node_modules/.pnpm/react-dom@18.3.1_react@18.3.1/node_modules/react-dom/cjs/react-dom-server.browser.production.min.js:68:44)
    at Zc (/app/node_modules/.pnpm/react-dom@18.3.1_react@18.3.1/node_modules/react-dom/cjs/react-dom-server.browser.production.min.js:70:253)
    at Z (/app/node_modules/.pnpm/react-dom@18.3.1_react@18.3.1/node_modules/react-dom/cjs/react-dom-server.browser.production.min.js:76:89)
    at $c (/app/node_modules/.pnpm/react-dom@18.3.1_react@18.3.1/node_modules/react-dom/cjs/react-dom-server.browser.production.min.js:78:98)
    at bd (/app/node_modules/.pnpm/react-dom@18.3.1_react@18.3.1/node_modules/react-dom/cjs/react-dom-server.browser.production.min.js:77:404)
    at Z (/app/node_modules/.pnpm/react-dom@18.3.1_react@18.3.1/node_modules/react-dom/cjs/react-dom-server.browser.production.min.js:76:217)
    at $c (/app/node_modules/.pnpm/react-dom@18.3.1_react@18.3.1/node_modules/react-dom/cjs/react-dom-server.browser.production.min.js:78:98)
    at Zc (/app/node_modules/.pnpm/react-dom@18.3.1_react@18.3.1/node_modules/react-dom/cjs/react-dom-server.browser.production.min.js:71:145)
[2026-03-03T10:15:37.622Z] error: undefined
[2026-03-03T10:15:45.860Z] error: <httpProxy> Error calling http://localhost:4000/...
[2026-03-03T10:15:45.860Z] error: <httpProxy> [ 500, [AggregateError: ] { code: 'ECONNREFUSED' } ]
[2026-03-03T10:15:45.862Z] error: <httpProxy> Error calling http://localhost:4000/...
[2026-03-03T10:15:45.862Z] error: <httpProxy> [ 500, [AggregateError: ] { code: 'ECONNREFUSED' } ]
[2026-03-03T10:15:45.870Z] error: undefined
[2026-03-03T10:15:45.871Z] error: TypeError: Invalid URL
    at new URL (node:internal/url:827:25)
    at l (/app/.next/server/pages/index.js:1:14605)
    at Wc (/app/node_modules/.pnpm/react-dom@18.3.1_react@18.3.1/node_modules/react-dom/cjs/react-dom-server.browser.production.min.js:68:44)
    at Zc (/app/node_modules/.pnpm/react-dom@18.3.1_react@18.3.1/node_modules/react-dom/cjs/react-dom-server.browser.production.min.js:70:253)
    at Z (/app/node_modules/.pnpm/react-dom@18.3.1_react@18.3.1/node_modules/react-dom/cjs/react-dom-server.browser.production.min.js:76:89)
    at $c (/app/node_modules/.pnpm/react-dom@18.3.1_react@18.3.1/node_modules/react-dom/cjs/react-dom-server.browser.production.min.js:78:98)
    at bd (/app/node_modules/.pnpm/react-dom@18.3.1_react@18.3.1/node_modules/react-dom/cjs/react-dom-server.browser.production.min.js:77:404)
    at Z (/app/node_modules/.pnpm/react-dom@18.3.1_react@18.3.1/node_modules/react-dom/cjs/react-dom-server.browser.production.min.js:76:217)
    at $c (/app/node_modules/.pnpm/react-dom@18.3.1_react@18.3.1/node_modules/react-dom/cjs/react-dom-server.browser.production.min.js:78:98)
    at Zc (/app/node_modules/.pnpm/react-dom@18.3.1_react@18.3.1/node_modules/react-dom/cjs/react-dom-server.browser.production.min.js:71:145)
[2026-03-03T10:15:45.874Z] error: undefined
[2026-03-03T10:15:56.823Z] error: <httpProxy> Error calling http://localhost:4000/...
[2026-03-03T10:15:56.824Z] error: <httpProxy> [ 500, [AggregateError: ] { code: 'ECONNREFUSED' } ]
[2026-03-03T10:15:56.825Z] error: <httpProxy> Error calling http://localhost:4000/...
[2026-03-03T10:15:56.825Z] error: <httpProxy> [ 500, [AggregateError: ] { code: 'ECONNREFUSED' } ]
[2026-03-03T10:15:56.832Z] error: undefined
[2026-03-03T10:15:56.833Z] error: TypeError: Invalid URL
    at new URL (node:internal/url:827:25)
    at l (/app/.next/server/pages/index.js:1:14605)
    at Wc (/app/node_modules/.pnpm/react-dom@18.3.1_react@18.3.1/node_modules/react-dom/cjs/react-dom-server.browser.production.min.js:68:44)
    at Zc (/app/node_modules/.pnpm/react-dom@18.3.1_react@18.3.1/node_modules/react-dom/cjs/react-dom-server.browser.production.min.js:70:253)
    at Z (/app/node_modules/.pnpm/react-dom@18.3.1_react@18.3.1/node_modules/react-dom/cjs/react-dom-server.browser.production.min.js:76:89)
    at $c (/app/node_modules/.pnpm/react-dom@18.3.1_react@18.3.1/node_modules/react-dom/cjs/react-dom-server.browser.production.min.js:78:98)
    at bd (/app/node_modules/.pnpm/react-dom@18.3.1_react@18.3.1/node_modules/react-dom/cjs/react-dom-server.browser.production.min.js:77:404)
    at Z (/app/node_modules/.pnpm/react-dom@18.3.1_react@18.3.1/node_modules/react-dom/cjs/react-dom-server.browser.production.min.js:76:217)
    at $c (/app/node_modules/.pnpm/react-dom@18.3.1_react@18.3.1/node_modules/react-dom/cjs/react-dom-server.browser.production.min.js:78:98)
    at Zc (/app/node_modules/.pnpm/react-dom@18.3.1_react@18.3.1/node_modules/react-dom/cjs/react-dom-server.browser.production.min.js:71:145)
[2026-03-03T10:15:56.835Z] error: undefined
[2026-03-03T10:16:26.842Z] error: <httpProxy> Error calling http://localhost:4000/...
[2026-03-03T10:16:26.843Z] error: <httpProxy> [ 500, [AggregateError: ] { code: 'ECONNREFUSED' } ]
[2026-03-03T10:16:26.846Z] error: <httpProxy> Error calling http://localhost:4000/...
[2026-03-03T10:16:26.847Z] error: <httpProxy> [ 500, [AggregateError: ] { code: 'ECONNREFUSED' } ]
[2026-03-03T10:16:26.853Z] error: undefined
[2026-03-03T10:16:26.854Z] error: TypeError: Invalid URL
    at new URL (node:internal/url:827:25)
    at l (/app/.next/server/pages/index.js:1:14605)
    at Wc (/app/node_modules/.pnpm/react-dom@18.3.1_react@18.3.1/node_modules/react-dom/cjs/react-dom-server.browser.production.min.js:68:44)
    at Zc (/app/node_modules/.pnpm/react-dom@18.3.1_react@18.3.1/node_modules/react-dom/cjs/react-dom-server.browser.production.min.js:70:253)
    at Z (/app/node_modules/.pnpm/react-dom@18.3.1_react@18.3.1/node_modules/react-dom/cjs/react-dom-server.browser.production.min.js:76:89)
    at $c (/app/node_modules/.pnpm/react-dom@18.3.1_react@18.3.1/node_modules/react-dom/cjs/react-dom-server.browser.production.min.js:78:98)
    at bd (/app/node_modules/.pnpm/react-dom@18.3.1_react@18.3.1/node_modules/react-dom/cjs/react-dom-server.browser.production.min.js:77:404)
    at Z (/app/node_modules/.pnpm/react-dom@18.3.1_react@18.3.1/node_modules/react-dom/cjs/react-dom-server.browser.production.min.js:76:217)
    at $c (/app/node_modules/.pnpm/react-dom@18.3.1_react@18.3.1/node_modules/react-dom/cjs/react-dom-server.browser.production.min.js:78:98)
    at Zc (/app/node_modules/.pnpm/react-dom@18.3.1_react@18.3.1/node_modules/react-dom/cjs/react-dom-server.browser.production.min.js:71:145)
[2026-03-03T10:16:26.856Z] error: undefined
[2026-03-03T10:16:56.857Z] error: <httpProxy> Error calling http://localhost:4000/...
[2026-03-03T10:16:56.858Z] error: <httpProxy> [ 500, [AggregateError: ] { code: 'ECONNREFUSED' } ]
[2026-03-03T10:16:56.859Z] error: <httpProxy> Error calling http://localhost:4000/...
[2026-03-03T10:16:56.859Z] error: <httpProxy> [ 500, [AggregateError: ] { code: 'ECONNREFUSED' } ]
[2026-03-03T10:16:56.864Z] error: undefined
[2026-03-03T10:16:56.864Z] error: TypeError: Invalid URL
    at new URL (node:internal/url:827:25)
    at l (/app/.next/server/pages/index.js:1:14605)
    at Wc (/app/node_modules/.pnpm/react-dom@18.3.1_react@18.3.1/node_modules/react-dom/cjs/react-dom-server.browser.production.min.js:68:44)
    at Zc (/app/node_modules/.pnpm/react-dom@18.3.1_react@18.3.1/node_modules/react-dom/cjs/react-dom-server.browser.production.min.js:70:253)
    at Z (/app/node_modules/.pnpm/react-dom@18.3.1_react@18.3.1/node_modules/react-dom/cjs/react-dom-server.browser.production.min.js:76:89)
    at $c (/app/node_modules/.pnpm/react-dom@18.3.1_react@18.3.1/node_modules/react-dom/cjs/react-dom-server.browser.production.min.js:78:98)
    at bd (/app/node_modules/.pnpm/react-dom@18.3.1_react@18.3.1/node_modules/react-dom/cjs/react-dom-server.browser.production.min.js:77:404)
    at Z (/app/node_modules/.pnpm/react-dom@18.3.1_react@18.3.1/node_modules/react-dom/cjs/react-dom-server.browser.production.min.js:76:217)
    at $c (/app/node_modules/.pnpm/react-dom@18.3.1_react@18.3.1/node_modules/react-dom/cjs/react-dom-server.browser.production.min.js:78:98)
    at Zc (/app/node_modules/.pnpm/react-dom@18.3.1_react@18.3.1/node_modules/react-dom/cjs/react-dom-server.browser.production.min.js:71:145)
[2026-03-03T10:16:56.866Z] error: undefined
[2026-03-03T10:17:26.869Z] error: <httpProxy> Error calling http://localhost:4000/...
[2026-03-03T10:17:26.870Z] error: <httpProxy> [ 500, [AggregateError: ] { code: 'ECONNREFUSED' } ]
[2026-03-03T10:17:26.871Z] error: <httpProxy> Error calling http://localhost:4000/...
[2026-03-03T10:17:26.871Z] error: <httpProxy> [ 500, [AggregateError: ] { code: 'ECONNREFUSED' } ]
[2026-03-03T10:17:26.876Z] error: undefined
[2026-03-03T10:17:26.877Z] error: TypeError: Invalid URL
    at new URL (node:internal/url:827:25)
    at l (/app/.next/server/pages/index.js:1:14605)
    at Wc (/app/node_modules/.pnpm/react-dom@18.3.1_react@18.3.1/node_modules/react-dom/cjs/react-dom-server.browser.production.min.js:68:44)
    at Zc (/app/node_modules/.pnpm/react-dom@18.3.1_react@18.3.1/node_modules/react-dom/cjs/react-dom-server.browser.production.min.js:70:253)
    at Z (/app/node_modules/.pnpm/react-dom@18.3.1_react@18.3.1/node_modules/react-dom/cjs/react-dom-server.browser.production.min.js:76:89)
    at $c (/app/node_modules/.pnpm/react-dom@18.3.1_react@18.3.1/node_modules/react-dom/cjs/react-dom-server.browser.production.min.js:78:98)
    at bd (/app/node_modules/.pnpm/react-dom@18.3.1_react@18.3.1/node_modules/react-dom/cjs/react-dom-server.browser.production.min.js:77:404)
    at Z (/app/node_modules/.pnpm/react-dom@18.3.1_react@18.3.1/node_modules/react-dom/cjs/react-dom-server.browser.production.min.js:76:217)
    at $c (/app/node_modules/.pnpm/react-dom@18.3.1_react@18.3.1/node_modules/react-dom/cjs/react-dom-server.browser.production.min.js:78:98)
    at Zc (/app/node_modules/.pnpm/react-dom@18.3.1_react@18.3.1/node_modules/react-dom/cjs/react-dom-server.browser.production.min.js:71:145)
[2026-03-03T10:17:26.879Z] error: undefined
[2026-03-03T10:17:56.881Z] error: <httpProxy> Error calling http://localhost:4000/...
[2026-03-03T10:17:56.882Z] error: <httpProxy> [ 500, [AggregateError: ] { code: 'ECONNREFUSED' } ]
[2026-03-03T10:17:56.883Z] error: <httpProxy> Error calling http://localhost:4000/...
[2026-03-03T10:17:56.883Z] error: <httpProxy> [ 500, [AggregateError: ] { code: 'ECONNREFUSED' } ]
[2026-03-03T10:17:56.888Z] error: undefined
[2026-03-03T10:17:56.889Z] error: TypeError: Invalid URL
    at new URL (node:internal/url:827:25)
    at l (/app/.next/server/pages/index.js:1:14605)
    at Wc (/app/node_modules/.pnpm/react-dom@18.3.1_react@18.3.1/node_modules/react-dom/cjs/react-dom-server.browser.production.min.js:68:44)
    at Zc (/app/node_modules/.pnpm/react-dom@18.3.1_react@18.3.1/node_modules/react-dom/cjs/react-dom-server.browser.production.min.js:70:253)
    at Z (/app/node_modules/.pnpm/react-dom@18.3.1_react@18.3.1/node_modules/react-dom/cjs/react-dom-server.browser.production.min.js:76:89)
    at $c (/app/node_modules/.pnpm/react-dom@18.3.1_react@18.3.1/node_modules/react-dom/cjs/react-dom-server.browser.production.min.js:78:98)
    at bd (/app/node_modules/.pnpm/react-dom@18.3.1_react@18.3.1/node_modules/react-dom/cjs/react-dom-server.browser.production.min.js:77:404)
    at Z (/app/node_modules/.pnpm/react-dom@18.3.1_react@18.3.1/node_modules/react-dom/cjs/react-dom-server.browser.production.min.js:76:217)
    at $c (/app/node_modules/.pnpm/react-dom@18.3.1_react@18.3.1/node_modules/react-dom/cjs/react-dom-server.browser.production.min.js:78:98)
    at Zc (/app/node_modules/.pnpm/react-dom@18.3.1_react@18.3.1/node_modules/react-dom/cjs/react-dom-server.browser.production.min.js:71:145)
[2026-03-03T10:17:56.891Z] error: undefined
[2026-03-03T10:18:26.894Z] error: <httpProxy> Error calling http://localhost:4000/...
[2026-03-03T10:18:26.894Z] error: <httpProxy> [ 500, [AggregateError: ] { code: 'ECONNREFUSED' } ]
[2026-03-03T10:18:26.895Z] error: <httpProxy> Error calling http://localhost:4000/...
[2026-03-03T10:18:26.896Z] error: <httpProxy> [ 500, [AggregateError: ] { code: 'ECONNREFUSED' } ]
[2026-03-03T10:18:26.901Z] error: undefined
[2026-03-03T10:18:26.902Z] error: TypeError: Invalid URL
    at new URL (node:internal/url:827:25)
    at l (/app/.next/server/pages/index.js:1:14605)
    at Wc (/app/node_modules/.pnpm/react-dom@18.3.1_react@18.3.1/node_modules/react-dom/cjs/react-dom-server.browser.production.min.js:68:44)
    at Zc (/app/node_modules/.pnpm/react-dom@18.3.1_react@18.3.1/node_modules/react-dom/cjs/react-dom-server.browser.production.min.js:70:253)
    at Z (/app/node_modules/.pnpm/react-dom@18.3.1_react@18.3.1/node_modules/react-dom/cjs/react-dom-server.browser.production.min.js:76:89)
    at $c (/app/node_modules/.pnpm/react-dom@18.3.1_react@18.3.1/node_modules/react-dom/cjs/react-dom-server.browser.production.min.js:78:98)
    at bd (/app/node_modules/.pnpm/react-dom@18.3.1_react@18.3.1/node_modules/react-dom/cjs/react-dom-server.browser.production.min.js:77:404)
    at Z (/app/node_modules/.pnpm/react-dom@18.3.1_react@18.3.1/node_modules/react-dom/cjs/react-dom-server.browser.production.min.js:76:217)
    at $c (/app/node_modules/.pnpm/react-dom@18.3.1_react@18.3.1/node_modules/react-dom/cjs/react-dom-server.browser.production.min.js:78:98)
    at Zc (/app/node_modules/.pnpm/react-dom@18.3.1_react@18.3.1/node_modules/react-dom/cjs/react-dom-server.browser.production.min.js:71:145)
[2026-03-03T10:18:26.904Z] error: undefined
[2026-03-03T10:18:56.907Z] error: <httpProxy> Error calling http://localhost:4000/...
[2026-03-03T10:18:56.907Z] error: <httpProxy> [ 500, [AggregateError: ] { code: 'ECONNREFUSED' } ]
[2026-03-03T10:18:56.908Z] error: <httpProxy> Error calling http://localhost:4000/...
[2026-03-03T10:18:56.908Z] error: <httpProxy> [ 500, [AggregateError: ] { code: 'ECONNREFUSED' } ]
[2026-03-03T10:18:56.915Z] error: undefined
[2026-03-03T10:18:56.916Z] error: TypeError: Invalid URL
    at new URL (node:internal/url:827:25)
    at l (/app/.next/server/pages/index.js:1:14605)
    at Wc (/app/node_modules/.pnpm/react-dom@18.3.1_react@18.3.1/node_modules/react-dom/cjs/react-dom-server.browser.production.min.js:68:44)
    at Zc (/app/node_modules/.pnpm/react-dom@18.3.1_react@18.3.1/node_modules/react-dom/cjs/react-dom-server.browser.production.min.js:70:253)
    at Z (/app/node_modules/.pnpm/react-dom@18.3.1_react@18.3.1/node_modules/react-dom/cjs/react-dom-server.browser.production.min.js:76:89)
    at $c (/app/node_modules/.pnpm/react-dom@18.3.1_react@18.3.1/node_modules/react-dom/cjs/react-dom-server.browser.production.min.js:78:98)
    at bd (/app/node_modules/.pnpm/react-dom@18.3.1_react@18.3.1/node_modules/react-dom/cjs/react-dom-server.browser.production.min.js:77:404)
    at Z (/app/node_modules/.pnpm/react-dom@18.3.1_react@18.3.1/node_modules/react-dom/cjs/react-dom-server.browser.production.min.js:76:217)
    at $c (/app/node_modules/.pnpm/react-dom@18.3.1_react@18.3.1/node_modules/react-dom/cjs/react-dom-server.browser.production.min.js:78:98)
    at Zc (/app/node_modules/.pnpm/react-dom@18.3.1_react@18.3.1/node_modules/react-dom/cjs/react-dom-server.browser.production.min.js:71:145)
[2026-03-03T10:18:56.918Z] error: undefined
[2026-03-03T10:19:26.920Z] error: <httpProxy> Error calling http://localhost:4000/...
[2026-03-03T10:19:26.920Z] error: <httpProxy> [ 500, [AggregateError: ] { code: 'ECONNREFUSED' } ]
[2026-03-03T10:19:26.921Z] error: <httpProxy> Error calling http://localhost:4000/...
[2026-03-03T10:19:26.921Z] error: <httpProxy> [ 500, [AggregateError: ] { code: 'ECONNREFUSED' } ]
[2026-03-03T10:19:26.927Z] error: undefined
[2026-03-03T10:19:26.927Z] error: TypeError: Invalid URL
    at new URL (node:internal/url:827:25)
    at l (/app/.next/server/pages/index.js:1:14605)
    at Wc (/app/node_modules/.pnpm/react-dom@18.3.1_react@18.3.1/node_modules/react-dom/cjs/react-dom-server.browser.production.min.js:68:44)
    at Zc (/app/node_modules/.pnpm/react-dom@18.3.1_react@18.3.1/node_modules/react-dom/cjs/react-dom-server.browser.production.min.js:70:253)
    at Z (/app/node_modules/.pnpm/react-dom@18.3.1_react@18.3.1/node_modules/react-dom/cjs/react-dom-server.browser.production.min.js:76:89)
    at $c (/app/node_modules/.pnpm/react-dom@18.3.1_react@18.3.1/node_modules/react-dom/cjs/react-dom-server.browser.production.min.js:78:98)
    at bd (/app/node_modules/.pnpm/react-dom@18.3.1_react@18.3.1/node_modules/react-dom/cjs/react-dom-server.browser.production.min.js:77:404)
    at Z (/app/node_modules/.pnpm/react-dom@18.3.1_react@18.3.1/node_modules/react-dom/cjs/react-dom-server.browser.production.min.js:76:217)
    at $c (/app/node_modules/.pnpm/react-dom@18.3.1_react@18.3.1/node_modules/react-dom/cjs/react-dom-server.browser.production.min.js:78:98)
    at Zc (/app/node_modules/.pnpm/react-dom@18.3.1_react@18.3.1/node_modules/react-dom/cjs/react-dom-server.browser.production.min.js:71:145)
[2026-03-03T10:19:26.929Z] error: undefined
[2026-03-03T10:19:56.945Z] error: <httpProxy> Error calling http://localhost:4000/...
[2026-03-03T10:19:56.945Z] error: <httpProxy> [ 500, [AggregateError: ] { code: 'ECONNREFUSED' } ]
[2026-03-03T10:19:56.947Z] error: <httpProxy> Error calling http://localhost:4000/...
[2026-03-03T10:19:56.947Z] error: <httpProxy> [ 500, [AggregateError: ] { code: 'ECONNREFUSED' } ]
[2026-03-03T10:19:56.953Z] error: undefined
[2026-03-03T10:19:56.954Z] error: TypeError: Invalid URL
    at new URL (node:internal/url:827:25)
    at l (/app/.next/server/pages/index.js:1:14605)
    at Wc (/app/node_modules/.pnpm/react-dom@18.3.1_react@18.3.1/node_modules/react-dom/cjs/react-dom-server.browser.production.min.js:68:44)
    at Zc (/app/node_modules/.pnpm/react-dom@18.3.1_react@18.3.1/node_modules/react-dom/cjs/react-dom-server.browser.production.min.js:70:253)
    at Z (/app/node_modules/.pnpm/react-dom@18.3.1_react@18.3.1/node_modules/react-dom/cjs/react-dom-server.browser.production.min.js:76:89)
    at $c (/app/node_modules/.pnpm/react-dom@18.3.1_react@18.3.1/node_modules/react-dom/cjs/react-dom-server.browser.production.min.js:78:98)
    at bd (/app/node_modules/.pnpm/react-dom@18.3.1_react@18.3.1/node_modules/react-dom/cjs/react-dom-server.browser.production.min.js:77:404)
    at Z (/app/node_modules/.pnpm/react-dom@18.3.1_react@18.3.1/node_modules/react-dom/cjs/react-dom-server.browser.production.min.js:76:217)
    at $c (/app/node_modules/.pnpm/react-dom@18.3.1_react@18.3.1/node_modules/react-dom/cjs/react-dom-server.browser.production.min.js:78:98)
    at Zc (/app/node_modules/.pnpm/react-dom@18.3.1_react@18.3.1/node_modules/react-dom/cjs/react-dom-server.browser.production.min.js:71:145)
[2026-03-03T10:19:56.956Z] error: undefined
[2026-03-03T10:20:26.965Z] error: <httpProxy> Error calling http://host.docker.internal:3000/...
[2026-03-03T10:20:26.966Z] error: <httpProxy> [
  500,
  [Error: queryAaaa ENOTFOUND host.docker.internal] {
    errno: undefined,
    code: 'ENOTFOUND',
    syscall: 'queryAaaa',
    hostname: 'host.docker.internal'
  }
]
[2026-03-03T10:20:26.967Z] error: <httpProxy> Error calling http://host.docker.internal:3000/...
[2026-03-03T10:20:26.967Z] error: <httpProxy> [
  500,
  [Error: queryAaaa ENOTFOUND host.docker.internal] {
    errno: undefined,
    code: 'ENOTFOUND',
    syscall: 'queryAaaa',
    hostname: 'host.docker.internal'
  }
]
[2026-03-03T10:20:56.975Z] error: <httpProxy> Error calling http://host.docker.internal:3000/...
[2026-03-03T10:20:56.975Z] error: <httpProxy> [
  500,
  [Error: queryAaaa ENOTFOUND host.docker.internal] {
    errno: undefined,
    code: 'ENOTFOUND',
    syscall: 'queryAaaa',
    hostname: 'host.docker.internal'
  }
]
[2026-03-03T10:20:56.976Z] error: <httpProxy> Error calling http://host.docker.internal:3000/...
[2026-03-03T10:20:56.976Z] error: <httpProxy> [
  500,
  [Error: queryAaaa ENOTFOUND host.docker.internal] {
    errno: undefined,
    code: 'ENOTFOUND',
    syscall: 'queryAaaa',
    hostname: 'host.docker.internal'
  }
]
[2026-03-03T10:21:16.535Z] error: <httpProxy> Error calling http://host.docker.internal:3000/...
[2026-03-03T10:21:16.536Z] error: <httpProxy> [
  500,
  [Error: queryAaaa ENOTFOUND host.docker.internal] {
    errno: undefined,
    code: 'ENOTFOUND',
    syscall: 'queryAaaa',
    hostname: 'host.docker.internal'
  }
]
[2026-03-03T10:21:16.542Z] error: undefined
[2026-03-03T10:21:16.543Z] error: TypeError: Invalid URL
    at new URL (node:internal/url:827:25)
    at l (/app/.next/server/pages/index.js:1:14605)
    at Wc (/app/node_modules/.pnpm/react-dom@18.3.1_react@18.3.1/node_modules/react-dom/cjs/react-dom-server.browser.production.min.js:68:44)
    at Zc (/app/node_modules/.pnpm/react-dom@18.3.1_react@18.3.1/node_modules/react-dom/cjs/react-dom-server.browser.production.min.js:70:253)
    at Z (/app/node_modules/.pnpm/react-dom@18.3.1_react@18.3.1/node_modules/react-dom/cjs/react-dom-server.browser.production.min.js:76:89)
    at $c (/app/node_modules/.pnpm/react-dom@18.3.1_react@18.3.1/node_modules/react-dom/cjs/react-dom-server.browser.production.min.js:78:98)
    at bd (/app/node_modules/.pnpm/react-dom@18.3.1_react@18.3.1/node_modules/react-dom/cjs/react-dom-server.browser.production.min.js:77:404)
    at Z (/app/node_modules/.pnpm/react-dom@18.3.1_react@18.3.1/node_modules/react-dom/cjs/react-dom-server.browser.production.min.js:76:217)
    at $c (/app/node_modules/.pnpm/react-dom@18.3.1_react@18.3.1/node_modules/react-dom/cjs/react-dom-server.browser.production.min.js:78:98)
    at Zc (/app/node_modules/.pnpm/react-dom@18.3.1_react@18.3.1/node_modules/react-dom/cjs/react-dom-server.browser.production.min.js:71:145)
[2026-03-03T10:21:16.546Z] error: <httpProxy> Error calling http://host.docker.internal:3000/...
[2026-03-03T10:21:16.546Z] error: <httpProxy> [
  500,
  [Error: queryAaaa ENOTFOUND host.docker.internal] {
    errno: undefined,
    code: 'ENOTFOUND',
    syscall: 'queryAaaa',
    hostname: 'host.docker.internal'
  }
]
[2026-03-03T10:21:16.548Z] error: undefined
[2026-03-03T10:21:16.549Z] error: TypeError: Invalid URL
    at new URL (node:internal/url:827:25)
    at l (/app/.next/server/pages/index.js:1:14605)
    at Wc (/app/node_modules/.pnpm/react-dom@18.3.1_react@18.3.1/node_modules/react-dom/cjs/react-dom-server.browser.production.min.js:68:44)
    at Zc (/app/node_modules/.pnpm/react-dom@18.3.1_react@18.3.1/node_modules/react-dom/cjs/react-dom-server.browser.production.min.js:70:253)
    at Z (/app/node_modules/.pnpm/react-dom@18.3.1_react@18.3.1/node_modules/react-dom/cjs/react-dom-server.browser.production.min.js:76:89)
    at $c (/app/node_modules/.pnpm/react-dom@18.3.1_react@18.3.1/node_modules/react-dom/cjs/react-dom-server.browser.production.min.js:78:98)
    at bd (/app/node_modules/.pnpm/react-dom@18.3.1_react@18.3.1/node_modules/react-dom/cjs/react-dom-server.browser.production.min.js:77:404)
    at Z (/app/node_modules/.pnpm/react-dom@18.3.1_react@18.3.1/node_modules/react-dom/cjs/react-dom-server.browser.production.min.js:76:217)
    at $c (/app/node_modules/.pnpm/react-dom@18.3.1_react@18.3.1/node_modules/react-dom/cjs/react-dom-server.browser.production.min.js:78:98)
    at Zc (/app/node_modules/.pnpm/react-dom@18.3.1_react@18.3.1/node_modules/react-dom/cjs/react-dom-server.browser.production.min.js:71:145)
[2026-03-03T10:21:16.556Z] error: TypeError: Invalid URL
    at new URL (node:internal/url:827:25)
    at l (/app/.next/server/pages/index.js:1:14605)
    at Wc (/app/node_modules/.pnpm/react-dom@18.3.1_react@18.3.1/node_modules/react-dom/cjs/react-dom-server.browser.production.min.js:68:44)
    at Zc (/app/node_modules/.pnpm/react-dom@18.3.1_react@18.3.1/node_modules/react-dom/cjs/react-dom-server.browser.production.min.js:70:253)
    at Z (/app/node_modules/.pnpm/react-dom@18.3.1_react@18.3.1/node_modules/react-dom/cjs/react-dom-server.browser.production.min.js:76:89)
    at $c (/app/node_modules/.pnpm/react-dom@18.3.1_react@18.3.1/node_modules/react-dom/cjs/react-dom-server.browser.production.min.js:78:98)
    at bd (/app/node_modules/.pnpm/react-dom@18.3.1_react@18.3.1/node_modules/react-dom/cjs/react-dom-server.browser.production.min.js:77:404)
    at Z (/app/node_modules/.pnpm/react-dom@18.3.1_react@18.3.1/node_modules/react-dom/cjs/react-dom-server.browser.production.min.js:76:217)
    at $c (/app/node_modules/.pnpm/react-dom@18.3.1_react@18.3.1/node_modules/react-dom/cjs/react-dom-server.browser.production.min.js:78:98)
    at Zc (/app/node_modules/.pnpm/react-dom@18.3.1_react@18.3.1/node_modules/react-dom/cjs/react-dom-server.browser.production.min.js:71:145)
[2026-03-03T10:24:42.710Z] error: undefined
[2026-03-03T10:24:42.718Z] error: undefined
[2026-03-03T10:24:42.723Z] error: TypeError: Invalid URL
    at new URL (node:internal/url:827:25)
    at l (/app/.next/server/pages/index.js:1:14605)
    at Wc (/app/node_modules/.pnpm/react-dom@18.3.1_react@18.3.1/node_modules/react-dom/cjs/react-dom-server.browser.production.min.js:68:44)
    at Zc (/app/node_modules/.pnpm/react-dom@18.3.1_react@18.3.1/node_modules/react-dom/cjs/react-dom-server.browser.production.min.js:70:253)
    at Z (/app/node_modules/.pnpm/react-dom@18.3.1_react@18.3.1/node_modules/react-dom/cjs/react-dom-server.browser.production.min.js:76:89)
    at $c (/app/node_modules/.pnpm/react-dom@18.3.1_react@18.3.1/node_modules/react-dom/cjs/react-dom-server.browser.production.min.js:78:98)
    at bd (/app/node_modules/.pnpm/react-dom@18.3.1_react@18.3.1/node_modules/react-dom/cjs/react-dom-server.browser.production.min.js:77:404)
    at Z (/app/node_modules/.pnpm/react-dom@18.3.1_react@18.3.1/node_modules/react-dom/cjs/react-dom-server.browser.production.min.js:76:217)
    at $c (/app/node_modules/.pnpm/react-dom@18.3.1_react@18.3.1/node_modules/react-dom/cjs/react-dom-server.browser.production.min.js:78:98)
    at Zc (/app/node_modules/.pnpm/react-dom@18.3.1_react@18.3.1/node_modules/react-dom/cjs/react-dom-server.browser.production.min.js:71:145)
[2026-03-03T10:24:42.734Z] error: TypeError: Invalid URL
    at new URL (node:internal/url:827:25)
    at l (/app/.next/server/pages/index.js:1:14605)
    at Wc (/app/node_modules/.pnpm/react-dom@18.3.1_react@18.3.1/node_modules/react-dom/cjs/react-dom-server.browser.production.min.js:68:44)
    at Zc (/app/node_modules/.pnpm/react-dom@18.3.1_react@18.3.1/node_modules/react-dom/cjs/react-dom-server.browser.production.min.js:70:253)
    at Z (/app/node_modules/.pnpm/react-dom@18.3.1_react@18.3.1/node_modules/react-dom/cjs/react-dom-server.browser.production.min.js:76:89)
    at $c (/app/node_modules/.pnpm/react-dom@18.3.1_react@18.3.1/node_modules/react-dom/cjs/react-dom-server.browser.production.min.js:78:98)
    at bd (/app/node_modules/.pnpm/react-dom@18.3.1_react@18.3.1/node_modules/react-dom/cjs/react-dom-server.browser.production.min.js:77:404)
    at Z (/app/node_modules/.pnpm/react-dom@18.3.1_react@18.3.1/node_modules/react-dom/cjs/react-dom-server.browser.production.min.js:76:217)
    at $c (/app/node_modules/.pnpm/react-dom@18.3.1_react@18.3.1/node_modules/react-dom/cjs/react-dom-server.browser.production.min.js:78:98)
    at Zc (/app/node_modules/.pnpm/react-dom@18.3.1_react@18.3.1/node_modules/react-dom/cjs/react-dom-server.browser.production.min.js:71:145)
[2026-03-03T10:25:02.671Z] error: undefined
[2026-03-03T10:25:02.673Z] error: TypeError: Invalid URL
    at new URL (node:internal/url:827:25)
    at l (/app/.next/server/pages/index.js:1:14605)
    at Wc (/app/node_modules/.pnpm/react-dom@18.3.1_react@18.3.1/node_modules/react-dom/cjs/react-dom-server.browser.production.min.js:68:44)
    at Zc (/app/node_modules/.pnpm/react-dom@18.3.1_react@18.3.1/node_modules/react-dom/cjs/react-dom-server.browser.production.min.js:70:253)
    at Z (/app/node_modules/.pnpm/react-dom@18.3.1_react@18.3.1/node_modules/react-dom/cjs/react-dom-server.browser.production.min.js:76:89)
    at $c (/app/node_modules/.pnpm/react-dom@18.3.1_react@18.3.1/node_modules/react-dom/cjs/react-dom-server.browser.production.min.js:78:98)
    at bd (/app/node_modules/.pnpm/react-dom@18.3.1_react@18.3.1/node_modules/react-dom/cjs/react-dom-server.browser.production.min.js:77:404)
    at Z (/app/node_modules/.pnpm/react-dom@18.3.1_react@18.3.1/node_modules/react-dom/cjs/react-dom-server.browser.production.min.js:76:217)
    at $c (/app/node_modules/.pnpm/react-dom@18.3.1_react@18.3.1/node_modules/react-dom/cjs/react-dom-server.browser.production.min.js:78:98)
    at Zc (/app/node_modules/.pnpm/react-dom@18.3.1_react@18.3.1/node_modules/react-dom/cjs/react-dom-server.browser.production.min.js:71:145)
[2026-03-03T10:25:02.676Z] error: undefined
[2026-03-03T10:26:57.121Z] error: <httpProxy> Error calling http://host.docker.internal:3000/...
[2026-03-03T10:26:57.122Z] error: <httpProxy> [
  500,
  Error: connect ETIMEDOUT 172.17.0.1:3000
      at <unknown> (Error: connect ETIMEDOUT 172.17.0.1:3000) {
    errno: -110,
    code: 'ETIMEDOUT',
    syscall: 'connect',
    address: '172.17.0.1',
    port: 3000
  }
]
[2026-03-03T10:27:17.599Z] error: <httpProxy> Error calling http://host.docker.internal:3000/...
[2026-03-03T10:27:17.600Z] error: <httpProxy> [
  500,
  Error: connect ETIMEDOUT 172.17.0.1:3000
      at <unknown> (Error: connect ETIMEDOUT 172.17.0.1:3000) {
    errno: -110,
    code: 'ETIMEDOUT',
    syscall: 'connect',
    address: '172.17.0.1',
    port: 3000
  }
]
[2026-03-03T10:27:17.601Z] error: <httpProxy> Error calling http://host.docker.internal:3000/...
[2026-03-03T10:27:17.601Z] error: <httpProxy> [
  500,
  Error: connect ETIMEDOUT 172.17.0.1:3000
      at <unknown> (Error: connect ETIMEDOUT 172.17.0.1:3000) {
    errno: -110,
    code: 'ETIMEDOUT',
    syscall: 'connect',
    address: '172.17.0.1',
    port: 3000
  }
]
[2026-03-03T10:27:48.134Z] error: undefined
[2026-03-03T10:27:48.135Z] error: TypeError: Invalid URL
    at new URL (node:internal/url:827:25)
    at l (/app/.next/server/pages/index.js:1:14605)
    at Wc (/app/node_modules/.pnpm/react-dom@18.3.1_react@18.3.1/node_modules/react-dom/cjs/react-dom-server.browser.production.min.js:68:44)
    at Zc (/app/node_modules/.pnpm/react-dom@18.3.1_react@18.3.1/node_modules/react-dom/cjs/react-dom-server.browser.production.min.js:70:253)
    at Z (/app/node_modules/.pnpm/react-dom@18.3.1_react@18.3.1/node_modules/react-dom/cjs/react-dom-server.browser.production.min.js:76:89)
    at $c (/app/node_modules/.pnpm/react-dom@18.3.1_react@18.3.1/node_modules/react-dom/cjs/react-dom-server.browser.production.min.js:78:98)
    at bd (/app/node_modules/.pnpm/react-dom@18.3.1_react@18.3.1/node_modules/react-dom/cjs/react-dom-server.browser.production.min.js:77:404)
    at Z (/app/node_modules/.pnpm/react-dom@18.3.1_react@18.3.1/node_modules/react-dom/cjs/react-dom-server.browser.production.min.js:76:217)
    at $c (/app/node_modules/.pnpm/react-dom@18.3.1_react@18.3.1/node_modules/react-dom/cjs/react-dom-server.browser.production.min.js:78:98)
    at Zc (/app/node_modules/.pnpm/react-dom@18.3.1_react@18.3.1/node_modules/react-dom/cjs/react-dom-server.browser.production.min.js:71:145)
[2026-03-03T10:27:48.137Z] error: undefined
[2026-03-03T10:27:48.138Z] error: TypeError: Invalid URL
    at new URL (node:internal/url:827:25)
    at l (/app/.next/server/pages/index.js:1:14605)
    at Wc (/app/node_modules/.pnpm/react-dom@18.3.1_react@18.3.1/node_modules/react-dom/cjs/react-dom-server.browser.production.min.js:68:44)
    at Zc (/app/node_modules/.pnpm/react-dom@18.3.1_react@18.3.1/node_modules/react-dom/cjs/react-dom-server.browser.production.min.js:70:253)
    at Z (/app/node_modules/.pnpm/react-dom@18.3.1_react@18.3.1/node_modules/react-dom/cjs/react-dom-server.browser.production.min.js:76:89)
    at $c (/app/node_modules/.pnpm/react-dom@18.3.1_react@18.3.1/node_modules/react-dom/cjs/react-dom-server.browser.production.min.js:78:98)
    at bd (/app/node_modules/.pnpm/react-dom@18.3.1_react@18.3.1/node_modules/react-dom/cjs/react-dom-server.browser.production.min.js:77:404)
    at Z (/app/node_modules/.pnpm/react-dom@18.3.1_react@18.3.1/node_modules/react-dom/cjs/react-dom-server.browser.production.min.js:76:217)
    at $c (/app/node_modules/.pnpm/react-dom@18.3.1_react@18.3.1/node_modules/react-dom/cjs/react-dom-server.browser.production.min.js:78:98)
    at Zc (/app/node_modules/.pnpm/react-dom@18.3.1_react@18.3.1/node_modules/react-dom/cjs/react-dom-server.browser.production.min.js:71:145)
[2026-03-03T10:27:48.146Z] error: TypeError: Invalid URL
    at new URL (node:internal/url:827:25)
    at l (/app/.next/server/pages/index.js:1:14605)
    at Wc (/app/node_modules/.pnpm/react-dom@18.3.1_react@18.3.1/node_modules/react-dom/cjs/react-dom-server.browser.production.min.js:68:44)
    at Zc (/app/node_modules/.pnpm/react-dom@18.3.1_react@18.3.1/node_modules/react-dom/cjs/react-dom-server.browser.production.min.js:70:253)
    at Z (/app/node_modules/.pnpm/react-dom@18.3.1_react@18.3.1/node_modules/react-dom/cjs/react-dom-server.browser.production.min.js:76:89)
    at $c (/app/node_modules/.pnpm/react-dom@18.3.1_react@18.3.1/node_modules/react-dom/cjs/react-dom-server.browser.production.min.js:78:98)
    at bd (/app/node_modules/.pnpm/react-dom@18.3.1_react@18.3.1/node_modules/react-dom/cjs/react-dom-server.browser.production.min.js:77:404)
    at Z (/app/node_modules/.pnpm/react-dom@18.3.1_react@18.3.1/node_modules/react-dom/cjs/react-dom-server.browser.production.min.js:76:217)
    at $c (/app/node_modules/.pnpm/react-dom@18.3.1_react@18.3.1/node_modules/react-dom/cjs/react-dom-server.browser.production.min.js:78:98)
    at Zc (/app/node_modules/.pnpm/react-dom@18.3.1_react@18.3.1/node_modules/react-dom/cjs/react-dom-server.browser.production.min.js:71:145)
[2026-03-03T10:29:12.287Z] error: <httpProxy> Error calling http://host.docker.internal:3000/...
[2026-03-03T10:29:12.288Z] error: <httpProxy> [
  500,
  Error: connect ETIMEDOUT 172.17.0.1:3000
      at <unknown> (Error: connect ETIMEDOUT 172.17.0.1:3000) {
    errno: -110,
    code: 'ETIMEDOUT',
    syscall: 'connect',
    address: '172.17.0.1',
    port: 3000
  }
]
[2026-03-03T10:29:32.768Z] error: <httpProxy> Error calling http://host.docker.internal:3000/...
[2026-03-03T10:29:32.768Z] error: <httpProxy> [
  500,
  Error: connect ETIMEDOUT 172.17.0.1:3000
      at <unknown> (Error: connect ETIMEDOUT 172.17.0.1:3000) {
    errno: -110,
    code: 'ETIMEDOUT',
    syscall: 'connect',
    address: '172.17.0.1',
    port: 3000
  }
]
[2026-03-03T10:29:32.769Z] error: <httpProxy> Error calling http://host.docker.internal:3000/...
[2026-03-03T10:29:32.769Z] error: <httpProxy> [
  500,
  Error: connect ETIMEDOUT 172.17.0.1:3000
      at <unknown> (Error: connect ETIMEDOUT 172.17.0.1:3000) {
    errno: -110,
    code: 'ETIMEDOUT',
    syscall: 'connect',
    address: '172.17.0.1',
    port: 3000
  }
]
[2026-03-03T10:32:23.852Z] error: undefined
[2026-03-03T10:32:23.860Z] error: undefined
[2026-03-03T10:32:23.865Z] error: TypeError: Invalid URL
    at new URL (node:internal/url:827:25)
    at l (/app/.next/server/pages/index.js:1:14605)
    at Wc (/app/node_modules/.pnpm/react-dom@18.3.1_react@18.3.1/node_modules/react-dom/cjs/react-dom-server.browser.production.min.js:68:44)
    at Zc (/app/node_modules/.pnpm/react-dom@18.3.1_react@18.3.1/node_modules/react-dom/cjs/react-dom-server.browser.production.min.js:70:253)
    at Z (/app/node_modules/.pnpm/react-dom@18.3.1_react@18.3.1/node_modules/react-dom/cjs/react-dom-server.browser.production.min.js:76:89)
    at $c (/app/node_modules/.pnpm/react-dom@18.3.1_react@18.3.1/node_modules/react-dom/cjs/react-dom-server.browser.production.min.js:78:98)
    at bd (/app/node_modules/.pnpm/react-dom@18.3.1_react@18.3.1/node_modules/react-dom/cjs/react-dom-server.browser.production.min.js:77:404)
    at Z (/app/node_modules/.pnpm/react-dom@18.3.1_react@18.3.1/node_modules/react-dom/cjs/react-dom-server.browser.production.min.js:76:217)
    at $c (/app/node_modules/.pnpm/react-dom@18.3.1_react@18.3.1/node_modules/react-dom/cjs/react-dom-server.browser.production.min.js:78:98)
    at Zc (/app/node_modules/.pnpm/react-dom@18.3.1_react@18.3.1/node_modules/react-dom/cjs/react-dom-server.browser.production.min.js:71:145)
[2026-03-03T10:32:23.875Z] error: TypeError: Invalid URL
    at new URL (node:internal/url:827:25)
    at l (/app/.next/server/pages/index.js:1:14605)
    at Wc (/app/node_modules/.pnpm/react-dom@18.3.1_react@18.3.1/node_modules/react-dom/cjs/react-dom-server.browser.production.min.js:68:44)
    at Zc (/app/node_modules/.pnpm/react-dom@18.3.1_react@18.3.1/node_modules/react-dom/cjs/react-dom-server.browser.production.min.js:70:253)
    at Z (/app/node_modules/.pnpm/react-dom@18.3.1_react@18.3.1/node_modules/react-dom/cjs/react-dom-server.browser.production.min.js:76:89)
    at $c (/app/node_modules/.pnpm/react-dom@18.3.1_react@18.3.1/node_modules/react-dom/cjs/react-dom-server.browser.production.min.js:78:98)
    at bd (/app/node_modules/.pnpm/react-dom@18.3.1_react@18.3.1/node_modules/react-dom/cjs/react-dom-server.browser.production.min.js:77:404)
    at Z (/app/node_modules/.pnpm/react-dom@18.3.1_react@18.3.1/node_modules/react-dom/cjs/react-dom-server.browser.production.min.js:76:217)
    at $c (/app/node_modules/.pnpm/react-dom@18.3.1_react@18.3.1/node_modules/react-dom/cjs/react-dom-server.browser.production.min.js:78:98)
    at Zc (/app/node_modules/.pnpm/react-dom@18.3.1_react@18.3.1/node_modules/react-dom/cjs/react-dom-server.browser.production.min.js:71:145)
[2026-03-03T10:32:27.278Z] error: undefined
[2026-03-03T10:32:27.280Z] error: TypeError: Invalid URL
    at new URL (node:internal/url:827:25)
    at l (/app/.next/server/pages/index.js:1:14605)
    at Wc (/app/node_modules/.pnpm/react-dom@18.3.1_react@18.3.1/node_modules/react-dom/cjs/react-dom-server.browser.production.min.js:68:44)
    at Zc (/app/node_modules/.pnpm/react-dom@18.3.1_react@18.3.1/node_modules/react-dom/cjs/react-dom-server.browser.production.min.js:70:253)
    at Z (/app/node_modules/.pnpm/react-dom@18.3.1_react@18.3.1/node_modules/react-dom/cjs/react-dom-server.browser.production.min.js:76:89)
    at $c (/app/node_modules/.pnpm/react-dom@18.3.1_react@18.3.1/node_modules/react-dom/cjs/react-dom-server.browser.production.min.js:78:98)
    at bd (/app/node_modules/.pnpm/react-dom@18.3.1_react@18.3.1/node_modules/react-dom/cjs/react-dom-server.browser.production.min.js:77:404)
    at Z (/app/node_modules/.pnpm/react-dom@18.3.1_react@18.3.1/node_modules/react-dom/cjs/react-dom-server.browser.production.min.js:76:217)
    at $c (/app/node_modules/.pnpm/react-dom@18.3.1_react@18.3.1/node_modules/react-dom/cjs/react-dom-server.browser.production.min.js:78:98)
    at Zc (/app/node_modules/.pnpm/react-dom@18.3.1_react@18.3.1/node_modules/react-dom/cjs/react-dom-server.browser.production.min.js:71:145)
[2026-03-03T10:32:27.283Z] error: undefined
